<?xml version="1.0" encoding="UTF-8"?>
<testsuite name="org.dita.dost.writer.TestIDitaTranstypeIndexWriter" tests="1" skipped="0" failures="0" errors="0" timestamp="2018-06-09T18:51:23" hostname="travis-job-dita-ot-dita-ot-390191281.travisci.net" time="0.01">
  <properties/>
  <testcase name="testiditatranstypeindexwriter" classname="org.dita.dost.writer.TestIDitaTranstypeIndexWriter" time="0.01"/>
  <system-out><![CDATA[]]></system-out>
  <system-err><![CDATA[resources/iditatranstypewriter_index.xml
]]></system-err>
</testsuite>
